---- Minecraft Crash Report ----
// Embeddium instance tainted by mods: [embeddium_extra]
// Please do not reach out for Embeddium support without removing these mods first.
// -------
// There are four lights!

Time: 2026-01-05 13:40:25
Description: Mod loading error has occurred

java.lang.Exception: Mod Loading has failed
	at net.minecraftforge.logging.CrashReportExtender.dumpModLoadingCrashReport(CrashReportExtender.java:60) ~[forge-1.20.1-47.4.13-universal.jar%23241!/:?] {re:mixin,re:classloading,pl:mixin:APP:embeddium.mixins.json:core.CrashReportExtenderMixin,pl:mixin:A}
	at net.minecraftforge.client.loading.ClientModLoader.completeModLoading(ClientModLoader.java:135) ~[forge-1.20.1-47.4.13-universal.jar%23241!/:?] {re:classloading}
	at net.minecraft.client.Minecraft.lambda$new$4(Minecraft.java:571) ~[client-1.20.1-20230612.114412-srg.jar%23236!/:?] {re:mixin,pl:accesstransformer:B,pl:runtimedistcleaner:A,re:classloading,pl:accesstransformer:B,pl:mixin:APP:bookshelf.common.mixins.json:accessors.client.AccessorMinecraft,pl:mixin:APP:moonlight-common.mixins.json:MinecraftMixin,pl:mixin:APP:hamstercore.mixins.json:ClientMinecraftMixin,pl:mixin:APP:flywheel.impl.mixins.json:MinecraftMixin,pl:mixin:APP:ponder-common.mixins.json:client.WindowResizeMixin,pl:mixin:APP:architectury.mixins.json:MixinMinecraft,pl:mixin:APP:kubejs-common.mixins.json:MinecraftClientMixin,pl:mixin:APP:yacl.mixins.json:MinecraftMixin,pl:mixin:APP:sodium-extra.mixins.json:gui.MinecraftClientAccessor,pl:mixin:APP:embeddium.mixins.json:core.render.MinecraftAccessor,pl:mixin:APP:embeddium.mixins.json:core.MinecraftClientMixin,pl:mixin:APP:imblocker-forge.mixins.json:MinecraftClientMixin,pl:mixin:A,pl:runtimedistcleaner:A}
	at net.minecraft.Util.m_137521_(Util.java:421) ~[client-1.20.1-20230612.114412-srg.jar%23236!/:?] {re:mixin,re:classloading,pl:mixin:APP:kubejs-common.mixins.json:UtilMixin,pl:mixin:A}
	at net.minecraft.client.Minecraft.lambda$new$5(Minecraft.java:564) ~[client-1.20.1-20230612.114412-srg.jar%23236!/:?] {re:mixin,pl:accesstransformer:B,pl:runtimedistcleaner:A,re:classloading,pl:accesstransformer:B,pl:mixin:APP:bookshelf.common.mixins.json:accessors.client.AccessorMinecraft,pl:mixin:APP:moonlight-common.mixins.json:MinecraftMixin,pl:mixin:APP:hamstercore.mixins.json:ClientMinecraftMixin,pl:mixin:APP:flywheel.impl.mixins.json:MinecraftMixin,pl:mixin:APP:ponder-common.mixins.json:client.WindowResizeMixin,pl:mixin:APP:architectury.mixins.json:MixinMinecraft,pl:mixin:APP:kubejs-common.mixins.json:MinecraftClientMixin,pl:mixin:APP:yacl.mixins.json:MinecraftMixin,pl:mixin:APP:sodium-extra.mixins.json:gui.MinecraftClientAccessor,pl:mixin:APP:embeddium.mixins.json:core.render.MinecraftAccessor,pl:mixin:APP:embeddium.mixins.json:core.MinecraftClientMixin,pl:mixin:APP:imblocker-forge.mixins.json:MinecraftClientMixin,pl:mixin:A,pl:runtimedistcleaner:A}
	at net.minecraftforge.client.loading.ForgeLoadingOverlay.m_88315_(ForgeLoadingOverlay.java:146) ~[forge-1.20.1-47.4.13-universal.jar%23241!/:?] {re:classloading}
	at net.minecraft.client.renderer.GameRenderer.m_109093_(GameRenderer.java:954) ~[client-1.20.1-20230612.114412-srg.jar%23236!/:?] {re:mixin,pl:accesstransformer:B,pl:runtimedistcleaner:A,re:classloading,pl:accesstransformer:B,pl:mixin:A,pl:runtimedistcleaner:A}
	at net.minecraft.client.Minecraft.m_91383_(Minecraft.java:1146) ~[client-1.20.1-20230612.114412-srg.jar%23236!/:?] {re:mixin,pl:accesstransformer:B,pl:runtimedistcleaner:A,re:classloading,pl:accesstransformer:B,pl:mixin:APP:bookshelf.common.mixins.json:accessors.client.AccessorMinecraft,pl:mixin:APP:moonlight-common.mixins.json:MinecraftMixin,pl:mixin:APP:hamstercore.mixins.json:ClientMinecraftMixin,pl:mixin:APP:flywheel.impl.mixins.json:MinecraftMixin,pl:mixin:APP:ponder-common.mixins.json:client.WindowResizeMixin,pl:mixin:APP:architectury.mixins.json:MixinMinecraft,pl:mixin:APP:kubejs-common.mixins.json:MinecraftClientMixin,pl:mixin:APP:yacl.mixins.json:MinecraftMixin,pl:mixin:APP:sodium-extra.mixins.json:gui.MinecraftClientAccessor,pl:mixin:APP:embeddium.mixins.json:core.render.MinecraftAccessor,pl:mixin:APP:embeddium.mixins.json:core.MinecraftClientMixin,pl:mixin:APP:imblocker-forge.mixins.json:MinecraftClientMixin,pl:mixin:A,pl:runtimedistcleaner:A}
	at net.minecraft.client.Minecraft.m_91374_(Minecraft.java:718) ~[client-1.20.1-20230612.114412-srg.jar%23236!/:?] {re:mixin,pl:accesstransformer:B,pl:runtimedistcleaner:A,re:classloading,pl:accesstransformer:B,pl:mixin:APP:bookshelf.common.mixins.json:accessors.client.AccessorMinecraft,pl:mixin:APP:moonlight-common.mixins.json:MinecraftMixin,pl:mixin:APP:hamstercore.mixins.json:ClientMinecraftMixin,pl:mixin:APP:flywheel.impl.mixins.json:MinecraftMixin,pl:mixin:APP:ponder-common.mixins.json:client.WindowResizeMixin,pl:mixin:APP:architectury.mixins.json:MixinMinecraft,pl:mixin:APP:kubejs-common.mixins.json:MinecraftClientMixin,pl:mixin:APP:yacl.mixins.json:MinecraftMixin,pl:mixin:APP:sodium-extra.mixins.json:gui.MinecraftClientAccessor,pl:mixin:APP:embeddium.mixins.json:core.render.MinecraftAccessor,pl:mixin:APP:embeddium.mixins.json:core.MinecraftClientMixin,pl:mixin:APP:imblocker-forge.mixins.json:MinecraftClientMixin,pl:mixin:A,pl:runtimedistcleaner:A}
	at net.minecraft.client.main.Main.main(Main.java:218) ~[1.20.1-Forge_47.4.13.jar:?] {re:classloading,pl:runtimedistcleaner:A}
	at jdk.internal.reflect.NativeMethodAccessorImpl.invoke0(Native Method) ~[?:?] {}
	at jdk.internal.reflect.NativeMethodAccessorImpl.invoke(NativeMethodAccessorImpl.java:77) ~[?:?] {}
	at jdk.internal.reflect.DelegatingMethodAccessorImpl.invoke(DelegatingMethodAccessorImpl.java:43) ~[?:?] {}
	at java.lang.reflect.Method.invoke(Method.java:568) ~[?:?] {re:mixin}
	at net.minecraftforge.fml.loading.targets.CommonLaunchHandler.runTarget(CommonLaunchHandler.java:111) ~[fmlloader-1.20.1-47.4.13.jar:?] {}
	at net.minecraftforge.fml.loading.targets.CommonLaunchHandler.clientService(CommonLaunchHandler.java:99) ~[fmlloader-1.20.1-47.4.13.jar:?] {}
	at net.minecraftforge.fml.loading.targets.CommonClientLaunchHandler.lambda$makeService$0(CommonClientLaunchHandler.java:25) ~[fmlloader-1.20.1-47.4.13.jar:?] {}
	at cpw.mods.modlauncher.LaunchServiceHandlerDecorator.launch(LaunchServiceHandlerDecorator.java:30) ~[modlauncher-10.0.9.jar:?] {}
	at cpw.mods.modlauncher.LaunchServiceHandler.launch(LaunchServiceHandler.java:53) ~[modlauncher-10.0.9.jar:?] {}
	at cpw.mods.modlauncher.LaunchServiceHandler.launch(LaunchServiceHandler.java:71) ~[modlauncher-10.0.9.jar:?] {}
	at cpw.mods.modlauncher.Launcher.run(Launcher.java:108) ~[modlauncher-10.0.9.jar:?] {}
	at cpw.mods.modlauncher.Launcher.main(Launcher.java:78) ~[modlauncher-10.0.9.jar:?] {}
	at cpw.mods.modlauncher.BootstrapLaunchConsumer.accept(BootstrapLaunchConsumer.java:26) ~[modlauncher-10.0.9.jar:?] {}
	at cpw.mods.modlauncher.BootstrapLaunchConsumer.accept(BootstrapLaunchConsumer.java:23) ~[modlauncher-10.0.9.jar:?] {}
	at cpw.mods.bootstraplauncher.BootstrapLauncher.main(BootstrapLauncher.java:141) ~[bootstraplauncher-1.1.2.jar:?] {}
	at jdk.internal.reflect.NativeMethodAccessorImpl.invoke0(Native Method) ~[?:?] {}
	at jdk.internal.reflect.NativeMethodAccessorImpl.invoke(NativeMethodAccessorImpl.java:77) ~[?:?] {}
	at jdk.internal.reflect.DelegatingMethodAccessorImpl.invoke(DelegatingMethodAccessorImpl.java:43) ~[?:?] {}
	at java.lang.reflect.Method.invoke(Method.java:568) ~[?:?] {re:mixin}
	at oolloo.jlw.Wrapper.invokeMain(Wrapper.java:112) ~[?:?] {}
	at oolloo.jlw.Wrapper.main(Wrapper.java:105) ~[?:?] {}


A detailed walkthrough of the error, its code path and all known details is as follows:
---------------------------------------------------------------------------------------

-- Head --
Thread: Render thread
Suspected Mods: NONE
Stacktrace:
	at net.minecraftforge.eventbus.EventBus.registerListener(EventBus.java:147) ~[eventbus-6.0.5.jar%23137!/:?] {}
-- MOD hamstercore --
Details:
	Mod File: /G:/测试/.minecraft/versions/1.20.1-Forge_47.4.13/mods/hamstercore-1.0.3.jar
	Failure message: HamsterCore (hamstercore) has failed to load correctly
		java.lang.IllegalArgumentException: Method public static void com.xlxyvergil.hamstercore.modification.ModificationEvents.onItemSocketing(com.xlxyvergil.hamstercore.modification.event.ItemModificationSocketingEvent) has @SubscribeEvent annotation, but takes an argument that is not an Event subtype : class com.xlxyvergil.hamstercore.modification.event.ItemModificationSocketingEvent
	Mod Version: 1.0.3
	Mod Issue URL: NOT PROVIDED
	Exception message: java.lang.IllegalArgumentException: Method public static void com.xlxyvergil.hamstercore.modification.ModificationEvents.onItemSocketing(com.xlxyvergil.hamstercore.modification.event.ItemModificationSocketingEvent) has @SubscribeEvent annotation, but takes an argument that is not an Event subtype : class com.xlxyvergil.hamstercore.modification.event.ItemModificationSocketingEvent
Stacktrace:
	at net.minecraftforge.eventbus.EventBus.registerListener(EventBus.java:147) ~[eventbus-6.0.5.jar%23137!/:?] {}
	at net.minecraftforge.eventbus.EventBus.lambda$registerClass$2(EventBus.java:86) ~[eventbus-6.0.5.jar%23137!/:?] {}
	at java.util.stream.ForEachOps$ForEachOp$OfRef.accept(ForEachOps.java:183) ~[?:?] {}
	at java.util.stream.ReferencePipeline$2$1.accept(ReferencePipeline.java:179) ~[?:?] {}
	at java.util.stream.ReferencePipeline$2$1.accept(ReferencePipeline.java:179) ~[?:?] {}
	at java.util.Spliterators$ArraySpliterator.forEachRemaining(Spliterators.java:992) ~[?:?] {}
	at java.util.stream.AbstractPipeline.copyInto(AbstractPipeline.java:509) ~[?:?] {}
	at java.util.stream.AbstractPipeline.wrapAndCopyInto(AbstractPipeline.java:499) ~[?:?] {}
	at java.util.stream.ForEachOps$ForEachOp.evaluateSequential(ForEachOps.java:150) ~[?:?] {}
	at java.util.stream.ForEachOps$ForEachOp$OfRef.evaluateSequential(ForEachOps.java:173) ~[?:?] {}
	at java.util.stream.AbstractPipeline.evaluate(AbstractPipeline.java:234) ~[?:?] {}
	at java.util.stream.ReferencePipeline.forEach(ReferencePipeline.java:596) ~[?:?] {}
	at net.minecraftforge.eventbus.EventBus.registerClass(EventBus.java:86) ~[eventbus-6.0.5.jar%23137!/:?] {}
	at net.minecraftforge.eventbus.EventBus.register(EventBus.java:126) ~[eventbus-6.0.5.jar%23137!/:?] {}
	at com.xlxyvergil.hamstercore.HamsterCore.<init>(HamsterCore.java:75) ~[hamstercore-1.0.3.jar%23221!/:1.0.3] {re:classloading}
	at jdk.internal.reflect.NativeConstructorAccessorImpl.newInstance0(Native Method) ~[?:?] {}
	at jdk.internal.reflect.NativeConstructorAccessorImpl.newInstance(NativeConstructorAccessorImpl.java:77) ~[?:?] {}
	at jdk.internal.reflect.DelegatingConstructorAccessorImpl.newInstance(DelegatingConstructorAccessorImpl.java:45) ~[?:?] {}
	at java.lang.reflect.Constructor.newInstanceWithCaller(Constructor.java:499) ~[?:?] {}
	at java.lang.reflect.Constructor.newInstance(Constructor.java:480) ~[?:?] {}
	at net.minecraftforge.fml.javafmlmod.FMLModContainer.constructMod(FMLModContainer.java:77) ~[javafmllanguage-1.20.1-47.4.13.jar%23238!/:?] {}
	at net.minecraftforge.fml.ModContainer.lambda$buildTransitionHandler$5(ModContainer.java:126) ~[fmlcore-1.20.1-47.4.13.jar%23237!/:?] {}
	at java.util.concurrent.CompletableFuture$AsyncRun.run(CompletableFuture.java:1804) ~[?:?] {}
	at java.util.concurrent.CompletableFuture$AsyncRun.exec(CompletableFuture.java:1796) ~[?:?] {}
	at java.util.concurrent.ForkJoinTask.doExec(ForkJoinTask.java:373) ~[?:?] {}
	at java.util.concurrent.ForkJoinPool$WorkQueue.topLevelExec(ForkJoinPool.java:1182) ~[?:?] {}
	at java.util.concurrent.ForkJoinPool.scan(ForkJoinPool.java:1655) ~[?:?] {re:computing_frames}
	at java.util.concurrent.ForkJoinPool.runWorker(ForkJoinPool.java:1622) ~[?:?] {re:computing_frames}
	at java.util.concurrent.ForkJoinWorkerThread.run(ForkJoinWorkerThread.java:165) ~[?:?] {}


-- System Details --
Details:
	Minecraft Version: 1.20.1
	Minecraft Version ID: 1.20.1
	Operating System: Windows 11 (amd64) version 10.0
	Java Version: 17.0.12, Oracle Corporation
	Java VM Version: Java HotSpot(TM) 64-Bit Server VM (mixed mode, sharing), Oracle Corporation
	Memory: 976568096 bytes (931 MiB) / 1828716544 bytes (1744 MiB) up to 12138315776 bytes (11576 MiB)
	CPUs: 32
	Processor Vendor: AuthenticAMD
	Processor Name: AMD Ryzen 9 9950X3D 16-Core Processor          
	Identifier: AuthenticAMD Family 26 Model 68 Stepping 0
	Microarchitecture: unknown
	Frequency (GHz): 4.30
	Number of physical packages: 1
	Number of physical CPUs: 16
	Number of logical CPUs: 32
	Graphics card #0 name: GameViewer Virtual Display Adapter
	Graphics card #0 vendor: GameViewer
	Graphics card #0 VRAM (MB): 0.00
	Graphics card #0 deviceId: unknown
	Graphics card #0 versionInfo: DriverVersion=17.13.25.697
	Graphics card #1 name: AMD Radeon RX 7800 XT
	Graphics card #1 vendor: Advanced Micro Devices, Inc. (0x1002)
	Graphics card #1 VRAM (MB): 4095.00
	Graphics card #1 deviceId: 0x747e
	Graphics card #1 versionInfo: DriverVersion=32.0.21025.10016
	Memory slot #0 capacity (MB): 32768.00
	Memory slot #0 clockSpeed (GHz): 5.60
	Memory slot #0 type: Unknown
	Memory slot #1 capacity (MB): 32768.00
	Memory slot #1 clockSpeed (GHz): 5.60
	Memory slot #1 type: Unknown
	Virtual memory max (MB): 65180.19
	Virtual memory used (MB): 28303.10
	Swap memory total (MB): 0.00
	Swap memory used (MB): 0.00
	JVM Flags: 6 total; -XX:+UseG1GC -XX:-UseAdaptiveSizePolicy -XX:-OmitStackTraceInFastThrow -XX:HeapDumpPath=MojangTricksIntelDriversForPerformance_javaw.exe_minecraft.exe.heapdump -Xmn1735m -Xmx11571m
	ModLauncher: 10.0.9+10.0.9+main.dcd20f30
	ModLauncher launch target: forgeclient
	ModLauncher naming: srg
	ModLauncher services: 
		mixin-0.8.5.jar mixin PLUGINSERVICE 
		eventbus-6.0.5.jar eventbus PLUGINSERVICE 
		fmlloader-1.20.1-47.4.13.jar slf4jfixer PLUGINSERVICE 
		fmlloader-1.20.1-47.4.13.jar object_holder_definalize PLUGINSERVICE 
		fmlloader-1.20.1-47.4.13.jar runtime_enum_extender PLUGINSERVICE 
		fmlloader-1.20.1-47.4.13.jar capability_token_subclass PLUGINSERVICE 
		accesstransformers-8.0.4.jar accesstransformer PLUGINSERVICE 
		fmlloader-1.20.1-47.4.13.jar runtimedistcleaner PLUGINSERVICE 
		modlauncher-10.0.9.jar mixin TRANSFORMATIONSERVICE 
		modlauncher-10.0.9.jar fml TRANSFORMATIONSERVICE 
	FML Language Providers: 
		minecraft@1.0
		kotlinforforge@4.12.0
		javafml@null
		lowcodefml@null
	Mod List: 
		[犀牛] rhino-forge-2001.2.3-build.10.jar            |Rhino                         |rhino                         |2001.2.3-build.10   |COMMON_SET|Manifest: NOSIGNATURE
		gunsmithlib-5.0.0+mc1.20.1+tacz1.1.7.jar          |GunsmithLib                   |gunsmithlib                   |5.0.0+mc1.20.1+tacz1|COMMON_SET|Manifest: NOSIGNATURE
		[JEI物品管理器] jei-1.20.1-forge-15.20.0.128.jar       |Just Enough Items             |jei                           |15.20.0.128         |COMMON_SET|Manifest: NOSIGNATURE
		[永恒枪械工坊：零] tacz-1.20.1-1.1.7-release.jar          |Timeless & Classics Guns: Zero|tacz                          |1.1.7               |COMMON_SET|Manifest: NOSIGNATURE
		taa-1.1.4+1.20.1.jar                              |Tacz Attribute Add            |taa                           |1.1.3               |COMMON_SET|Manifest: NOSIGNATURE
		[精妙核心] sophisticatedcore-1.20.1-1.2.110.1287.jar  |Sophisticated Core            |sophisticatedcore             |1.2.110.1287        |COMMON_SET|Manifest: NOSIGNATURE
		tacz-tweaks-2.11.2-all.jar                        |TaCZ Tweaks                   |tacztweaks                    |2.11.2              |COMMON_SET|Manifest: NOSIGNATURE
		Placebo-1.20.1-8.6.3.jar                          |Placebo                       |placebo                       |8.6.3               |COMMON_SET|Manifest: NOSIGNATURE
		citadel-2.6.2-1.20.1.jar                          |Citadel                       |citadel                       |2.6.2               |COMMON_SET|Manifest: NOSIGNATURE
		Bookshelf-Forge-1.20.1-20.2.13.jar                |Bookshelf                     |bookshelf                     |20.2.13             |COMMON_SET|Manifest: eb:c4:b1:67:8b:f9:0c:db:dc:4f:01:b1:8e:61:64:39:4c:10:85:0b:a6:c4:c7:48:f0:fa:95:f2:cb:08:3a:e5
		[精妙背包] sophisticatedbackpacks-1.20.1-3.24.15.1445.|Sophisticated Backpacks       |sophisticatedbackpacks        |3.24.15.1445        |COMMON_SET|Manifest: NOSIGNATURE
		[神化] Apotheosis-1.20.1-7.4.8.jar                  |Apotheosis                    |apotheosis                    |7.4.8               |COMMON_SET|Manifest: NOSIGNATURE
		[拔刀剑：重锋] SlashBladeResharped-1.20.1-1.8.62.jar    |Slash Blade:Resharped         |slashblade                    |1.8.62              |COMMON_SET|Manifest: NOSIGNATURE
		[神化：现代诸神黄昏] apotheosis_modern_ragnarok-6.0.0+mc1.2|Apotheosis Modern Ragnarok: Ze|apotheosis_modern_ragnarok    |6.0.0+mc1.20.1+tacz1|COMMON_SET|Manifest: NOSIGNATURE
		puzzlesaccessapi-forge-20.1.1.jar                 |Puzzles Access Api            |puzzlesaccessapi              |20.1.1              |COMMON_SET|Manifest: NOSIGNATURE
		forge-1.20.1-47.4.13-universal.jar                |Forge                         |forge                         |47.4.13             |COMMON_SET|Manifest: NOSIGNATURE
		[试验假人] dummmmmmy-1.20-2.0.9.jar                   |MmmMmmMmmmmm                  |dummmmmmy                     |1.20-2.0.9          |COMMON_SET|Manifest: NOSIGNATURE
		embeddium-0.3.31+mc1.20.1.jar                     |Embeddium                     |embeddium                     |0.3.31+mc1.20.1     |COMMON_SET|Manifest: NOSIGNATURE
		client-1.20.1-20230612.114412-srg.jar             |Minecraft                     |minecraft                     |1.20.1              |COMMON_SET|Manifest: a1:d4:5e:04:4f:d3:d6:e0:7b:37:97:cf:77:b0:de:ad:4a:47:ce:8c:96:49:5f:0a:cf:8c:ae:b2:6d:4b:8a:3f
		[附魔描述] EnchantmentDescriptions-Forge-1.20.1-17.1.1|EnchantmentDescriptions       |enchdesc                      |17.1.19             |COMMON_SET|Manifest: eb:c4:b1:67:8b:f9:0c:db:dc:4f:01:b1:8e:61:64:39:4c:10:85:0b:a6:c4:c7:48:f0:fa:95:f2:cb:08:3a:e5
		moonlight-1.20-2.16.16-forge.jar                  |Moonlight Library             |moonlight                     |1.20-2.16.16        |COMMON_SET|Manifest: NOSIGNATURE
		mixinsquared-forge-0.3.3.jar                      |MixinSquared                  |mixinsquared                  |0.3.3               |COMMON_SET|Manifest: NOSIGNATURE
		Jade-1.20.1-Forge-11.13.2.jar                     |Jade                          |jade                          |11.13.2+forge       |COMMON_SET|Manifest: NOSIGNATURE
		hamstercore-1.0.3.jar                             |HamsterCore                   |hamstercore                   |1.0.3               |ERROR     |Manifest: NOSIGNATURE
		apocalypsenow-3.0.5-forge-1.20.1.jar              |Apocalypse Now                |apocalypsenow                 |3.0.5               |COMMON_SET|Manifest: NOSIGNATURE
		lionfishapi-2.4-Fix.jar                           |LionfishAPI                   |lionfishapi                   |2.4-Fix             |COMMON_SET|Manifest: NOSIGNATURE
		kffmod-4.12.0.jar                                 |Kotlin For Forge              |kotlinforforge                |4.12.0              |COMMON_SET|Manifest: NOSIGNATURE
		L_Enders_Cataclysm-3.16.jar                       |cataclysm                     |cataclysm                     |3.16                |COMMON_SET|Manifest: NOSIGNATURE
		curios-forge-5.14.1+1.20.1.jar                    |Curios API                    |curios                        |5.14.1+1.20.1       |COMMON_SET|Manifest: NOSIGNATURE
		tcc-1.1.0.jar                                     |TaczCurios                    |tcc                           |1.1.0               |COMMON_SET|Manifest: NOSIGNATURE
		flywheel-forge-1.20.1-1.0.5.jar                   |Flywheel                      |flywheel                      |1.0.5               |COMMON_SET|Manifest: NOSIGNATURE
		Ponder-Forge-1.20.1-1.0.91.jar                    |Ponder                        |ponder                        |1.0.91              |COMMON_SET|Manifest: NOSIGNATURE
		[机械动力] create-1.20.1-6.0.8.jar                    |Create                        |create                        |6.0.8               |COMMON_SET|Manifest: NOSIGNATURE
		[帕秋莉手册] Patchouli-1.20.1-84.1-FORGE.jar           |Patchouli                     |patchouli                     |1.20.1-84.1-FORGE   |COMMON_SET|Manifest: NOSIGNATURE
		ApothicAttributes-1.20.1-1.3.7.jar                |Apothic Attributes            |attributeslib                 |1.3.7               |COMMON_SET|Manifest: NOSIGNATURE
		mob_weapon_api-0.2.3.jar                          |Mob Weapon API                |mob_weapon_api                |0.2.3               |COMMON_SET|Manifest: NOSIGNATURE
		architectury-9.2.14-forge.jar                     |Architectury                  |architectury                  |9.2.14              |COMMON_SET|Manifest: NOSIGNATURE
		kubejs-forge-2001.6.5-build.16.jar                |KubeJS                        |kubejs                        |2001.6.5-build.16   |COMMON_SET|Manifest: NOSIGNATURE
		yet_another_config_lib_v3-3.6.6+1.20.1-forge.jar  |YetAnotherConfigLib           |yet_another_config_lib_v3     |3.6.6+1.20.1-forge  |COMMON_SET|Manifest: NOSIGNATURE
		[铷 · 扩展] rubidium-extra-0.5.4.4+mc1.20.1-build.131|Embeddium Extra               |embeddium_extra               |0.5.4.4+mc1.20.1-bui|COMMON_SET|Manifest: NOSIGNATURE
		PuzzlesLib-v8.1.33-1.20.1-Forge.jar               |Puzzles Lib                   |puzzleslib                    |8.1.33              |COMMON_SET|Manifest: 9a:09:85:98:65:c4:8c:11:c5:49:f6:d6:33:23:39:df:8d:b4:ff:92:84:b8:bd:a5:83:9f:ac:7f:2a:d1:4b:6a
		[游戏内NBT编辑器重制版] nbtedit-forge-5.2.8.jar            |In-game NBTEdit Reborn        |nbtedit                       |5.2.8               |COMMON_SET|Manifest: NOSIGNATURE
		kuroutils2-2001.2.1.1.jar                         |Kuro Utils                    |kuroutils                     |2001.2.1.1          |COMMON_SET|Manifest: NOSIGNATURE
		l2library-2.5.3.jar                               |L2 Library                    |l2library                     |2.5.3               |COMMON_SET|Manifest: NOSIGNATURE
		l2tabs-0.3.3.jar                                  |L2 Tabs                       |l2tabs                        |0.3.3               |COMMON_SET|Manifest: NOSIGNATURE
		[莱特兰-扩充] l2complements-2.5.8.jar                  |L2 Complements                |l2complements                 |2.5.8               |COMMON_SET|Manifest: NOSIGNATURE
		l2screentracker-0.1.4.jar                         |L2 Screen Tracker             |l2screentracker               |0.1.4               |COMMON_SET|Manifest: NOSIGNATURE
		l2damagetracker-0.4.3.jar                         |L2 Damage Tracker             |l2damagetracker               |0.4.3               |COMMON_SET|Manifest: NOSIGNATURE
		[莱特兰-恶意] l2hostility-2.5.10.jar                   |L2 Hostility                  |l2hostility                   |2.5.10              |COMMON_SET|Manifest: NOSIGNATURE
		l2itemselector-0.1.9.jar                          |L2 Item Selector              |l2itemselector                |0.1.9               |COMMON_SET|Manifest: NOSIGNATURE
		packetfixer-3.3.1-1.18-1.20.4-merged.jar          |PacketFixer                   |packetfixer                   |3.3.1               |COMMON_SET|Manifest: NOSIGNATURE
		[附魔灌注台] EnchantingInfuser-v8.0.3-1.20.1-Forge.jar |Enchanting Infuser            |enchantinginfuser             |8.0.3               |COMMON_SET|Manifest: 9a:09:85:98:65:c4:8c:11:c5:49:f6:d6:33:23:39:df:8d:b4:ff:92:84:b8:bd:a5:83:9f:ac:7f:2a:d1:4b:6a
		[输入法冲突修复] IMBlocker-5.4.6.1-forge+1.17-1.20.4.jar |IMBlocker                     |imblocker                     |5.4.6.1             |COMMON_SET|Manifest: NOSIGNATURE
	Crash Report UUID: 99f47a56-7d10-44e5-a8a7-f6d65d8f6f64
	FML: 47.4
	Forge: net.minecraftforge:47.4.13
	Flywheel Backend: flywheel:off